<?xml version="1.0" encoding="UTF-8"?>
<!-- Generated by org.testng.reporters.JUnitReportReporter -->
<testsuite hostname="RVSKCH45LT" name="com.Selenium.Selection" tests="1" failures="0" timestamp="28 Jun 2016 09:23:31 GMT" time="38.595" errors="0">
  <testcase name="openBrowserwithGivenDimension" time="38.595" classname="com.Selenium.Selection"/>
</testsuite> <!-- com.Selenium.Selection -->
