<?xml version="1.0" encoding="UTF-8"?>
<!-- Generated by org.testng.reporters.JUnitReportReporter -->
<testsuite hostname="RVSKCH45LT" name="CsvReader" tests="1" failures="0" timestamp="22 Jun 2016 12:24:26 GMT" time="0.015" errors="0">
  <testcase name="Csv" time="0.015" classname="CsvReader"/>
</testsuite> <!-- CsvReader -->
