<?xml version="1.0" encoding="UTF-8"?>
<!-- Generated by org.testng.reporters.JUnitReportReporter -->
<testsuite hostname="RVSKCH45LT" name="com.Selenium.toolqa" tests="1" failures="0" timestamp="27 Jun 2016 10:20:48 GMT" time="12.736" errors="0">
  <testcase name="demo" time="12.736" classname="com.Selenium.toolqa"/>
</testsuite> <!-- com.Selenium.toolqa -->
