<?xml version="1.0" encoding="UTF-8"?>
<!-- Generated by org.testng.reporters.JUnitReportReporter -->
<testsuite hostname="RVSKCH45LT" name="com.database.Database_selenium_DDL" tests="1" failures="0" timestamp="24 Jun 2016 06:23:52 GMT" time="0.035" errors="0">
  <testcase name="getEmployeesFromDataBase" time="0.035" classname="com.database.Database_selenium_DDL"/>
</testsuite> <!-- com.database.Database_selenium_DDL -->
