<?xml version="1.0" encoding="UTF-8"?>
<!-- Generated by org.testng.reporters.JUnitReportReporter -->
<testsuite hostname="RVSKCH45LT" name="com.database.Database_selenium_Select" tests="1" failures="0" timestamp="27 Jun 2016 05:50:38 GMT" time="0.386" errors="0">
  <testcase name="Database" time="0.386" classname="com.database.Database_selenium_Select"/>
</testsuite> <!-- com.database.Database_selenium_Select -->
