<?xml version="1.0" encoding="UTF-8"?>
<!-- Generated by org.testng.reporters.JUnitReportReporter -->
<testsuite hostname="RVSKCH45LT" name="Database_selenium" tests="1" failures="0" timestamp="22 Jun 2016 12:19:07 GMT" time="0.328" errors="0">
  <testcase name="Database" time="0.328" classname="Database_selenium"/>
</testsuite> <!-- Database_selenium -->
