<?xml version="1.0" encoding="UTF-8"?>
<!-- Generated by org.testng.reporters.JUnitReportReporter -->
<testsuite hostname="RVSKCH45LT" name="com.SeleniumGrid.GridExampleTest" tests="1" failures="0" timestamp="23 Jun 2016 05:52:14 GMT" time="4.801" errors="0">
  <testcase name="testGooglePageTitleInIEBrowser" time="4.801" classname="com.SeleniumGrid.GridExampleTest"/>
</testsuite> <!-- com.SeleniumGrid.GridExampleTest -->
