<?xml version="1.0" encoding="UTF-8"?>
<!-- Generated by org.testng.reporters.JUnitReportReporter -->
<testsuite hostname="RVSKCH45LT" name="com.Selenium.Alert_Confirmation" tests="1" failures="0" timestamp="29 Jun 2016 05:41:29 GMT" time="5.233" errors="0">
  <testcase name="ExampleForConfirmBox" time="5.233" classname="com.Selenium.Alert_Confirmation"/>
</testsuite> <!-- com.Selenium.Alert_Confirmation -->
