<?xml version="1.0" encoding="UTF-8"?>
<!-- Generated by org.testng.reporters.JUnitReportReporter -->
<testsuite hostname="RVSKCH45LT" name="com.Selenium.Rightclick" tests="1" failures="0" timestamp="28 Jun 2016 09:21:06 GMT" time="7.663" errors="0">
  <testcase name="rightClickTest" time="7.663" classname="com.Selenium.Rightclick"/>
</testsuite> <!-- com.Selenium.Rightclick -->
