<?xml version="1.0" encoding="UTF-8"?>
<!-- Generated by org.testng.reporters.JUnitReportReporter -->
<testsuite hostname="RVSKCH45LT" name="com.Selenium.DragAndDrop" tests="1" failures="0" timestamp="28 Jun 2016 05:41:35 GMT" time="14.332" errors="0">
  <testcase name="DragDrop" time="14.332" classname="com.Selenium.DragAndDrop"/>
</testsuite> <!-- com.Selenium.DragAndDrop -->
