<?xml version="1.0" encoding="UTF-8"?>
<!-- Generated by org.testng.reporters.JUnitReportReporter -->
<testsuite hostname="RVSKCH45LT" name="com.Selenium.RobotClass" tests="1" failures="0" timestamp="30 Jun 2016 09:22:20 GMT" time="15.417" errors="0">
  <testcase name="UploadFile" time="15.417" classname="com.Selenium.RobotClass"/>
</testsuite> <!-- com.Selenium.RobotClass -->
