<?xml version="1.0" encoding="UTF-8"?>
<!-- Generated by org.testng.reporters.JUnitReportReporter -->
<testsuite hostname="RVSKCH45LT" name="com.database.Database_selenium_Select" tests="1" failures="0" timestamp="24 Jun 2016 06:26:15 GMT" time="0.320" errors="0">
  <testcase name="Database" time="0.320" classname="com.database.Database_selenium_Select"/>
</testsuite> <!-- com.database.Database_selenium_Select -->
