<?xml version="1.0" encoding="UTF-8"?>
<!-- Generated by org.testng.reporters.JUnitReportReporter -->
<testsuite hostname="RVSKCH45LT" name="com.Selenium.RobotClass" tests="1" failures="0" timestamp="27 Jun 2016 10:31:02 GMT" time="40.022" errors="0">
  <testcase name="Test" time="40.022" classname="com.Selenium.RobotClass"/>
</testsuite> <!-- com.Selenium.RobotClass -->
