<?xml version="1.0" encoding="UTF-8"?>
<!-- Generated by org.testng.reporters.JUnitReportReporter -->
<testsuite hostname="RVSKCH45LT" name="com.Selenium.Selection_All" tests="1" failures="0" timestamp="27 Jun 2016 11:19:35 GMT" time="3.773" errors="0">
  <testcase name="selectSamples" time="3.773" classname="com.Selenium.Selection_All"/>
</testsuite> <!-- com.Selenium.Selection_All -->
