<?xml version="1.0" encoding="UTF-8"?>
<!-- Generated by org.testng.reporters.JUnitReportReporter -->
<testsuite hostname="RVSKCH45LT" name="RobotClass" tests="1" failures="0" timestamp="20 Jun 2016 07:15:33 GMT" time="26.590" errors="0">
  <testcase name="Test" time="26.590" classname="RobotClass"/>
</testsuite> <!-- RobotClass -->
