<?xml version="1.0" encoding="UTF-8"?>
<!-- Generated by org.testng.reporters.JUnitReportReporter -->
<testsuite hostname="RVSKCH45LT" name="com.Selenium.PageScroll" tests="1" failures="0" timestamp="28 Jun 2016 08:35:05 GMT" time="8.342" errors="0">
  <testcase name="PagescrollToCordinatesPage" time="8.342" classname="com.Selenium.PageScroll"/>
</testsuite> <!-- com.Selenium.PageScroll -->
